2019-01-21 20:06:03,027 INFO org.springframework.context.support.AbstractApplicationContext [restartedMain] Refreshing org.springframework.boot.web.servlet.context.AnnotationConfigServletWebServerApplicationContext@6c947820: startup date [Mon Jan 21 20:06:03 IST 2019]; root of context hierarchy
2019-01-21 20:06:06,484 INFO org.springframework.beans.factory.xml.XmlBeanDefinitionReader [restartedMain] Loading XML bean definitions from class path resource [ws-binding.xml]
2019-01-21 20:06:09,350 INFO org.springframework.context.support.PostProcessorRegistrationDelegate$BeanPostProcessorChecker [restartedMain] Bean 'org.springframework.ws.config.annotation.DelegatingWsConfiguration' of type [org.springframework.ws.config.annotation.DelegatingWsConfiguration$$EnhancerBySpringCGLIB$$e4a2460f] is not eligible for getting processed by all BeanPostProcessors (for example: not eligible for auto-proxying)
2019-01-21 20:06:09,532 INFO org.springframework.ws.soap.addressing.server.AbstractAddressingEndpointMapping [restartedMain] Supporting [WS-Addressing August 2004, WS-Addressing 1.0]
2019-01-21 20:06:11,597 INFO org.springframework.boot.web.embedded.tomcat.TomcatWebServer [restartedMain] Tomcat initialized with port(s): 8080 (http)
2019-01-21 20:06:11,668 INFO org.apache.juli.logging.DirectJDKLog [restartedMain] Initializing ProtocolHandler ["http-nio-8080"]
2019-01-21 20:06:11,749 INFO org.apache.juli.logging.DirectJDKLog [restartedMain] Starting service [Tomcat]
2019-01-21 20:06:11,750 INFO org.apache.juli.logging.DirectJDKLog [restartedMain] Starting Servlet Engine: Apache Tomcat/8.5.31
2019-01-21 20:06:11,835 INFO org.apache.juli.logging.DirectJDKLog [localhost-startStop-1] The APR based Apache Tomcat Native library which allows optimal performance in production environments was not found on the java.library.path: [C:\Program Files\Java\Java1_8\bin;C:\windows\Sun\Java\bin;C:\windows\system32;C:\windows;C:/Program Files/Java/Java1_8/bin/server;C:/Program Files/Java/Java1_8/bin;C:/Program Files/Java/Java1_8/lib/amd64;C:\Program Files (x86)\Common Files\Oracle\Java\javapath;C:\Program Files\Common Files\Microsoft Shared\Windows Live;C:\Program Files (x86)\Common Files\Microsoft Shared\Windows Live;C:\windows\system32;C:\windows;C:\windows\System32\Wbem;C:\windows\System32\WindowsPowerShell\v1.0\;C:\Program Files\Lenovo\Bluetooth Software\;C:\Program Files\Lenovo\Bluetooth Software\syswow64;C:\Program Files (x86)\Windows Live\Shared;C:\Program Files\nodejs\;C:\Program Files\Git\cmd;C:\Program Files\Java\jdk-10.0.2/bin; C:\Program Files\apache-maven-3.5.4/bin;C:\Program Files\apache-maven-3.5.4/bin;C:\Program Files\Gradle/bin;C:\Users\Uttam\AppData\Roaming\npm;C:\Users\Uttam\AppData\Local\Programs\Microsoft VS Code\bin;C:\Program Files\Docker Toolbox;C:\Program Files\Docker Toolbox;C:\Program Files\eclipse;;.]
2019-01-21 20:06:12,394 INFO org.apache.juli.logging.DirectJDKLog [localhost-startStop-1] Initializing Spring embedded WebApplicationContext
2019-01-21 20:06:12,397 INFO org.springframework.boot.web.servlet.context.ServletWebServerApplicationContext [localhost-startStop-1] Root WebApplicationContext: initialization completed in 9370 ms
2019-01-21 20:06:12,993 INFO org.springframework.boot.web.servlet.ServletRegistrationBean [localhost-startStop-1] Servlet WSSpringServlet mapped to [/services/greeting]
2019-01-21 20:06:12,997 INFO org.springframework.boot.web.servlet.ServletRegistrationBean [localhost-startStop-1] Servlet messageDispatcherServlet mapped to [/services/*]
2019-01-21 20:06:13,006 INFO org.springframework.boot.web.servlet.AbstractFilterRegistrationBean [localhost-startStop-1] Mapping filter: 'characterEncodingFilter' to: [/*]
2019-01-21 20:06:13,008 INFO org.springframework.boot.web.servlet.AbstractFilterRegistrationBean [localhost-startStop-1] Mapping filter: 'hiddenHttpMethodFilter' to: [/*]
2019-01-21 20:06:13,009 INFO org.springframework.boot.web.servlet.AbstractFilterRegistrationBean [localhost-startStop-1] Mapping filter: 'httpPutFormContentFilter' to: [/*]
2019-01-21 20:06:13,010 INFO org.springframework.boot.web.servlet.AbstractFilterRegistrationBean [localhost-startStop-1] Mapping filter: 'requestContextFilter' to: [/*]
2019-01-21 20:06:16,322 INFO org.springframework.web.servlet.handler.AbstractUrlHandlerMapping [restartedMain] Mapped URL path [/**/favicon.ico] onto handler of type [class org.springframework.web.servlet.resource.ResourceHttpRequestHandler]
2019-01-21 20:06:17,725 INFO org.springframework.web.servlet.mvc.method.annotation.RequestMappingHandlerAdapter [restartedMain] Looking for @ControllerAdvice: org.springframework.boot.web.servlet.context.AnnotationConfigServletWebServerApplicationContext@6c947820: startup date [Mon Jan 21 20:06:03 IST 2019]; root of context hierarchy
2019-01-21 20:06:18,280 INFO org.springframework.web.servlet.handler.AbstractHandlerMethodMapping$MappingRegistry [restartedMain] Mapped "{[/error]}" onto public org.springframework.http.ResponseEntity<java.util.Map<java.lang.String, java.lang.Object>> org.springframework.boot.autoconfigure.web.servlet.error.BasicErrorController.error(javax.servlet.http.HttpServletRequest)
2019-01-21 20:06:18,288 INFO org.springframework.web.servlet.handler.AbstractHandlerMethodMapping$MappingRegistry [restartedMain] Mapped "{[/error],produces=[text/html]}" onto public org.springframework.web.servlet.ModelAndView org.springframework.boot.autoconfigure.web.servlet.error.BasicErrorController.errorHtml(javax.servlet.http.HttpServletRequest,javax.servlet.http.HttpServletResponse)
2019-01-21 20:06:18,440 INFO org.springframework.web.servlet.handler.AbstractUrlHandlerMapping [restartedMain] Mapped URL path [/webjars/**] onto handler of type [class org.springframework.web.servlet.resource.ResourceHttpRequestHandler]
2019-01-21 20:06:18,442 INFO org.springframework.web.servlet.handler.AbstractUrlHandlerMapping [restartedMain] Mapped URL path [/**] onto handler of type [class org.springframework.web.servlet.resource.ResourceHttpRequestHandler]
2019-01-21 20:06:19,618 INFO org.springframework.boot.devtools.autoconfigure.OptionalLiveReloadServer [restartedMain] LiveReload server is running on port 35729
2019-01-21 20:06:19,849 INFO org.springframework.jmx.export.MBeanExporter [restartedMain] Registering beans for JMX exposure on startup
2019-01-21 20:06:19,936 INFO org.apache.juli.logging.DirectJDKLog [restartedMain] Starting ProtocolHandler ["http-nio-8080"]
2019-01-21 20:06:19,986 INFO org.apache.juli.logging.DirectJDKLog [restartedMain] Using a shared selector for servlet write/read
2019-01-21 20:06:20,051 INFO org.springframework.boot.web.embedded.tomcat.TomcatWebServer [restartedMain] Tomcat started on port(s): 8080 (http) with context path ''
2019-01-21 20:06:20,120 INFO org.springframework.boot.StartupInfoLogger [restartedMain] Started JaxwsApplication in 19.159 seconds (JVM running for 22.064)
2019-01-21 20:09:17,411 INFO org.springframework.context.support.AbstractApplicationContext [Thread-6] Closing org.springframework.boot.web.servlet.context.AnnotationConfigServletWebServerApplicationContext@6c947820: startup date [Mon Jan 21 20:06:03 IST 2019]; root of context hierarchy
2019-01-21 20:09:17,419 INFO org.springframework.jmx.export.MBeanExporter [Thread-6] Unregistering JMX-exposed beans on shutdown
2019-01-21 20:10:04,429 INFO org.springframework.boot.StartupInfoLogger [restartedMain] Starting JaxwsApplication on Uttam-PC with PID 788 (started by Uttam in D:\Sample Projects\CTS\jaxws)
2019-01-21 20:10:04,445 INFO org.springframework.boot.SpringApplication [restartedMain] No active profile set, falling back to default profiles: default
2019-01-21 20:10:04,777 INFO org.springframework.context.support.AbstractApplicationContext [restartedMain] Refreshing org.springframework.boot.web.servlet.context.AnnotationConfigServletWebServerApplicationContext@3c4a6f79: startup date [Mon Jan 21 20:10:04 IST 2019]; root of context hierarchy
2019-01-21 20:10:07,890 INFO org.springframework.beans.factory.xml.XmlBeanDefinitionReader [restartedMain] Loading XML bean definitions from class path resource [ws-binding.xml]
2019-01-21 20:10:10,906 INFO org.springframework.context.support.PostProcessorRegistrationDelegate$BeanPostProcessorChecker [restartedMain] Bean 'org.springframework.ws.config.annotation.DelegatingWsConfiguration' of type [org.springframework.ws.config.annotation.DelegatingWsConfiguration$$EnhancerBySpringCGLIB$$89072e30] is not eligible for getting processed by all BeanPostProcessors (for example: not eligible for auto-proxying)
2019-01-21 20:10:11,103 INFO org.springframework.ws.soap.addressing.server.AbstractAddressingEndpointMapping [restartedMain] Supporting [WS-Addressing August 2004, WS-Addressing 1.0]
2019-01-21 20:10:13,300 INFO org.springframework.boot.web.embedded.tomcat.TomcatWebServer [restartedMain] Tomcat initialized with port(s): 8080 (http)
2019-01-21 20:10:13,373 INFO org.apache.juli.logging.DirectJDKLog [restartedMain] Initializing ProtocolHandler ["http-nio-8080"]
2019-01-21 20:10:13,427 INFO org.apache.juli.logging.DirectJDKLog [restartedMain] Starting service [Tomcat]
2019-01-21 20:10:13,429 INFO org.apache.juli.logging.DirectJDKLog [restartedMain] Starting Servlet Engine: Apache Tomcat/8.5.31
2019-01-21 20:10:13,485 INFO org.apache.juli.logging.DirectJDKLog [localhost-startStop-1] The APR based Apache Tomcat Native library which allows optimal performance in production environments was not found on the java.library.path: [C:\Program Files\Java\Java1_8\bin;C:\windows\Sun\Java\bin;C:\windows\system32;C:\windows;C:/Program Files/Java/Java1_8/bin/server;C:/Program Files/Java/Java1_8/bin;C:/Program Files/Java/Java1_8/lib/amd64;C:\Program Files (x86)\Common Files\Oracle\Java\javapath;C:\Program Files\Common Files\Microsoft Shared\Windows Live;C:\Program Files (x86)\Common Files\Microsoft Shared\Windows Live;C:\windows\system32;C:\windows;C:\windows\System32\Wbem;C:\windows\System32\WindowsPowerShell\v1.0\;C:\Program Files\Lenovo\Bluetooth Software\;C:\Program Files\Lenovo\Bluetooth Software\syswow64;C:\Program Files (x86)\Windows Live\Shared;C:\Program Files\nodejs\;C:\Program Files\Git\cmd;C:\Program Files\Java\jdk-10.0.2/bin; C:\Program Files\apache-maven-3.5.4/bin;C:\Program Files\apache-maven-3.5.4/bin;C:\Program Files\Gradle/bin;C:\Users\Uttam\AppData\Roaming\npm;C:\Users\Uttam\AppData\Local\Programs\Microsoft VS Code\bin;C:\Program Files\Docker Toolbox;C:\Program Files\Docker Toolbox;C:\Program Files\eclipse;;.]
2019-01-21 20:10:13,956 INFO org.apache.juli.logging.DirectJDKLog [localhost-startStop-1] Initializing Spring embedded WebApplicationContext
2019-01-21 20:10:13,958 INFO org.springframework.boot.web.servlet.context.ServletWebServerApplicationContext [localhost-startStop-1] Root WebApplicationContext: initialization completed in 9181 ms
2019-01-21 20:10:14,522 INFO org.springframework.boot.web.servlet.ServletRegistrationBean [localhost-startStop-1] Servlet WSSpringServlet mapped to [/services/greeting]
2019-01-21 20:10:14,527 INFO org.springframework.boot.web.servlet.ServletRegistrationBean [localhost-startStop-1] Servlet messageDispatcherServlet mapped to [/services/*]
2019-01-21 20:10:14,539 INFO org.springframework.boot.web.servlet.AbstractFilterRegistrationBean [localhost-startStop-1] Mapping filter: 'characterEncodingFilter' to: [/*]
2019-01-21 20:10:14,541 INFO org.springframework.boot.web.servlet.AbstractFilterRegistrationBean [localhost-startStop-1] Mapping filter: 'hiddenHttpMethodFilter' to: [/*]
2019-01-21 20:10:14,543 INFO org.springframework.boot.web.servlet.AbstractFilterRegistrationBean [localhost-startStop-1] Mapping filter: 'httpPutFormContentFilter' to: [/*]
2019-01-21 20:10:14,544 INFO org.springframework.boot.web.servlet.AbstractFilterRegistrationBean [localhost-startStop-1] Mapping filter: 'requestContextFilter' to: [/*]
2019-01-21 20:10:17,644 INFO org.springframework.web.servlet.handler.AbstractUrlHandlerMapping [restartedMain] Mapped URL path [/**/favicon.ico] onto handler of type [class org.springframework.web.servlet.resource.ResourceHttpRequestHandler]
2019-01-21 20:10:18,611 INFO org.springframework.web.servlet.mvc.method.annotation.RequestMappingHandlerAdapter [restartedMain] Looking for @ControllerAdvice: org.springframework.boot.web.servlet.context.AnnotationConfigServletWebServerApplicationContext@3c4a6f79: startup date [Mon Jan 21 20:10:04 IST 2019]; root of context hierarchy
2019-01-21 20:10:18,936 INFO org.springframework.web.servlet.handler.AbstractHandlerMethodMapping$MappingRegistry [restartedMain] Mapped "{[/error]}" onto public org.springframework.http.ResponseEntity<java.util.Map<java.lang.String, java.lang.Object>> org.springframework.boot.autoconfigure.web.servlet.error.BasicErrorController.error(javax.servlet.http.HttpServletRequest)
2019-01-21 20:10:18,943 INFO org.springframework.web.servlet.handler.AbstractHandlerMethodMapping$MappingRegistry [restartedMain] Mapped "{[/error],produces=[text/html]}" onto public org.springframework.web.servlet.ModelAndView org.springframework.boot.autoconfigure.web.servlet.error.BasicErrorController.errorHtml(javax.servlet.http.HttpServletRequest,javax.servlet.http.HttpServletResponse)
2019-01-21 20:10:19,129 INFO org.springframework.web.servlet.handler.AbstractUrlHandlerMapping [restartedMain] Mapped URL path [/webjars/**] onto handler of type [class org.springframework.web.servlet.resource.ResourceHttpRequestHandler]
2019-01-21 20:10:19,131 INFO org.springframework.web.servlet.handler.AbstractUrlHandlerMapping [restartedMain] Mapped URL path [/**] onto handler of type [class org.springframework.web.servlet.resource.ResourceHttpRequestHandler]
2019-01-21 20:10:20,086 INFO org.springframework.boot.devtools.autoconfigure.OptionalLiveReloadServer [restartedMain] LiveReload server is running on port 35729
2019-01-21 20:10:20,276 INFO org.springframework.jmx.export.MBeanExporter [restartedMain] Registering beans for JMX exposure on startup
2019-01-21 20:10:20,345 INFO org.apache.juli.logging.DirectJDKLog [restartedMain] Starting ProtocolHandler ["http-nio-8080"]
2019-01-21 20:10:20,377 INFO org.apache.juli.logging.DirectJDKLog [restartedMain] Using a shared selector for servlet write/read
2019-01-21 20:10:20,476 INFO org.springframework.boot.web.embedded.tomcat.TomcatWebServer [restartedMain] Tomcat started on port(s): 8080 (http) with context path ''
2019-01-21 20:10:20,499 INFO org.springframework.boot.StartupInfoLogger [restartedMain] Started JaxwsApplication in 17.781 seconds (JVM running for 20.759)
2019-01-21 20:12:30,256 INFO org.springframework.context.support.AbstractApplicationContext [Thread-6] Closing org.springframework.boot.web.servlet.context.AnnotationConfigServletWebServerApplicationContext@3c4a6f79: startup date [Mon Jan 21 20:10:04 IST 2019]; root of context hierarchy
2019-01-21 20:12:30,264 INFO org.springframework.jmx.export.MBeanExporter [Thread-6] Unregistering JMX-exposed beans on shutdown
2019-01-21 20:12:31,558 INFO org.springframework.boot.StartupInfoLogger [restartedMain] Starting JaxwsApplication on Uttam-PC with PID 788 (started by Uttam in D:\Sample Projects\CTS\jaxws)
2019-01-21 20:12:31,560 INFO org.springframework.boot.SpringApplication [restartedMain] No active profile set, falling back to default profiles: default
2019-01-21 20:12:31,577 INFO org.springframework.context.support.AbstractApplicationContext [restartedMain] Refreshing org.springframework.boot.web.servlet.context.AnnotationConfigServletWebServerApplicationContext@20a31bc4: startup date [Mon Jan 21 20:12:31 IST 2019]; root of context hierarchy
2019-01-21 20:12:32,561 INFO org.springframework.beans.factory.xml.XmlBeanDefinitionReader [restartedMain] Loading XML bean definitions from class path resource [ws-binding.xml]
2019-01-21 20:12:33,071 INFO org.springframework.context.support.PostProcessorRegistrationDelegate$BeanPostProcessorChecker [restartedMain] Bean 'org.springframework.ws.config.annotation.DelegatingWsConfiguration' of type [org.springframework.ws.config.annotation.DelegatingWsConfiguration$$EnhancerBySpringCGLIB$$89072e30] is not eligible for getting processed by all BeanPostProcessors (for example: not eligible for auto-proxying)
2019-01-21 20:12:33,084 INFO org.springframework.ws.soap.addressing.server.AbstractAddressingEndpointMapping [restartedMain] Supporting [WS-Addressing August 2004, WS-Addressing 1.0]
2019-01-21 20:12:33,527 INFO org.springframework.boot.web.embedded.tomcat.TomcatWebServer [restartedMain] Tomcat initialized with port(s): 8080 (http)
2019-01-21 20:12:33,532 INFO org.apache.juli.logging.DirectJDKLog [restartedMain] Initializing ProtocolHandler ["http-nio-8080"]
2019-01-21 20:12:33,537 INFO org.apache.juli.logging.DirectJDKLog [restartedMain] Starting service [Tomcat]
2019-01-21 20:12:33,539 INFO org.apache.juli.logging.DirectJDKLog [restartedMain] Starting Servlet Engine: Apache Tomcat/8.5.31
2019-01-21 20:12:33,667 INFO org.apache.juli.logging.DirectJDKLog [localhost-startStop-1] Initializing Spring embedded WebApplicationContext
2019-01-21 20:12:33,672 INFO org.springframework.boot.web.servlet.context.ServletWebServerApplicationContext [localhost-startStop-1] Root WebApplicationContext: initialization completed in 2095 ms
2019-01-21 20:12:33,786 INFO org.springframework.boot.web.servlet.ServletRegistrationBean [localhost-startStop-1] Servlet WSSpringServlet mapped to [/services/greeting]
2019-01-21 20:12:33,788 INFO org.springframework.boot.web.servlet.ServletRegistrationBean [localhost-startStop-1] Servlet messageDispatcherServlet mapped to [/services/*]
2019-01-21 20:12:33,791 INFO org.springframework.boot.web.servlet.AbstractFilterRegistrationBean [localhost-startStop-1] Mapping filter: 'characterEncodingFilter' to: [/*]
2019-01-21 20:12:33,792 INFO org.springframework.boot.web.servlet.AbstractFilterRegistrationBean [localhost-startStop-1] Mapping filter: 'hiddenHttpMethodFilter' to: [/*]
2019-01-21 20:12:33,793 INFO org.springframework.boot.web.servlet.AbstractFilterRegistrationBean [localhost-startStop-1] Mapping filter: 'httpPutFormContentFilter' to: [/*]
2019-01-21 20:12:33,794 INFO org.springframework.boot.web.servlet.AbstractFilterRegistrationBean [localhost-startStop-1] Mapping filter: 'requestContextFilter' to: [/*]
2019-01-21 20:12:34,088 INFO org.springframework.web.servlet.handler.AbstractUrlHandlerMapping [restartedMain] Mapped URL path [/**/favicon.ico] onto handler of type [class org.springframework.web.servlet.resource.ResourceHttpRequestHandler]
2019-01-21 20:12:34,405 INFO org.springframework.web.servlet.mvc.method.annotation.RequestMappingHandlerAdapter [restartedMain] Looking for @ControllerAdvice: org.springframework.boot.web.servlet.context.AnnotationConfigServletWebServerApplicationContext@20a31bc4: startup date [Mon Jan 21 20:12:31 IST 2019]; root of context hierarchy
2019-01-21 20:12:34,442 INFO org.springframework.web.servlet.handler.AbstractHandlerMethodMapping$MappingRegistry [restartedMain] Mapped "{[/error]}" onto public org.springframework.http.ResponseEntity<java.util.Map<java.lang.String, java.lang.Object>> org.springframework.boot.autoconfigure.web.servlet.error.BasicErrorController.error(javax.servlet.http.HttpServletRequest)
2019-01-21 20:12:34,444 INFO org.springframework.web.servlet.handler.AbstractHandlerMethodMapping$MappingRegistry [restartedMain] Mapped "{[/error],produces=[text/html]}" onto public org.springframework.web.servlet.ModelAndView org.springframework.boot.autoconfigure.web.servlet.error.BasicErrorController.errorHtml(javax.servlet.http.HttpServletRequest,javax.servlet.http.HttpServletResponse)
2019-01-21 20:12:34,478 INFO org.springframework.web.servlet.handler.AbstractUrlHandlerMapping [restartedMain] Mapped URL path [/webjars/**] onto handler of type [class org.springframework.web.servlet.resource.ResourceHttpRequestHandler]
2019-01-21 20:12:34,479 INFO org.springframework.web.servlet.handler.AbstractUrlHandlerMapping [restartedMain] Mapped URL path [/**] onto handler of type [class org.springframework.web.servlet.resource.ResourceHttpRequestHandler]
2019-01-21 20:12:34,690 INFO org.springframework.boot.devtools.autoconfigure.OptionalLiveReloadServer [restartedMain] LiveReload server is running on port 35729
2019-01-21 20:12:34,801 INFO org.springframework.jmx.export.MBeanExporter [restartedMain] Registering beans for JMX exposure on startup
2019-01-21 20:12:34,869 INFO org.apache.juli.logging.DirectJDKLog [restartedMain] Starting ProtocolHandler ["http-nio-8080"]
2019-01-21 20:12:34,874 INFO org.apache.juli.logging.DirectJDKLog [restartedMain] Using a shared selector for servlet write/read
2019-01-21 20:12:34,899 INFO org.springframework.boot.web.embedded.tomcat.TomcatWebServer [restartedMain] Tomcat started on port(s): 8080 (http) with context path ''
2019-01-21 20:12:34,904 INFO org.springframework.boot.StartupInfoLogger [restartedMain] Started JaxwsApplication in 3.533 seconds (JVM running for 155.165)
2019-01-21 20:12:34,918 INFO org.springframework.boot.devtools.autoconfigure.ConditionEvaluationDeltaLoggingListener [restartedMain] Condition evaluation unchanged
2019-01-21 20:15:37,924 INFO org.springframework.boot.StartupInfoLogger [restartedMain] Starting JaxwsApplication on Uttam-PC with PID 1300 (started by Uttam in D:\Sample Projects\CTS\jaxws)
2019-01-21 20:15:37,977 INFO org.springframework.boot.SpringApplication [restartedMain] No active profile set, falling back to default profiles: default
2019-01-21 20:15:38,582 INFO org.springframework.context.support.AbstractApplicationContext [restartedMain] Refreshing org.springframework.boot.web.servlet.context.AnnotationConfigServletWebServerApplicationContext@375d1545: startup date [Mon Jan 21 20:15:38 IST 2019]; root of context hierarchy
2019-01-21 20:15:41,515 INFO org.springframework.beans.factory.xml.XmlBeanDefinitionReader [restartedMain] Loading XML bean definitions from class path resource [ws-binding.xml]
2019-01-21 20:15:45,448 INFO org.springframework.context.support.PostProcessorRegistrationDelegate$BeanPostProcessorChecker [restartedMain] Bean 'org.springframework.ws.config.annotation.DelegatingWsConfiguration' of type [org.springframework.ws.config.annotation.DelegatingWsConfiguration$$EnhancerBySpringCGLIB$$91464ba4] is not eligible for getting processed by all BeanPostProcessors (for example: not eligible for auto-proxying)
2019-01-21 20:15:45,757 INFO org.springframework.ws.soap.addressing.server.AbstractAddressingEndpointMapping [restartedMain] Supporting [WS-Addressing August 2004, WS-Addressing 1.0]
2019-01-21 20:15:48,262 INFO org.springframework.boot.web.embedded.tomcat.TomcatWebServer [restartedMain] Tomcat initialized with port(s): 8080 (http)
2019-01-21 20:15:48,372 INFO org.apache.juli.logging.DirectJDKLog [restartedMain] Initializing ProtocolHandler ["http-nio-8080"]
2019-01-21 20:15:48,462 INFO org.apache.juli.logging.DirectJDKLog [restartedMain] Starting service [Tomcat]
2019-01-21 20:15:48,470 INFO org.apache.juli.logging.DirectJDKLog [restartedMain] Starting Servlet Engine: Apache Tomcat/8.5.31
2019-01-21 20:15:48,514 INFO org.apache.juli.logging.DirectJDKLog [localhost-startStop-1] The APR based Apache Tomcat Native library which allows optimal performance in production environments was not found on the java.library.path: [C:\Program Files\Java\jdk-10.0.2\bin;C:\windows\Sun\Java\bin;C:\windows\system32;C:\windows;C:\Program Files (x86)\Common Files\Oracle\Java\javapath;C:\Program Files\Common Files\Microsoft Shared\Windows Live;C:\Program Files (x86)\Common Files\Microsoft Shared\Windows Live;C:\windows\system32;C:\windows;C:\windows\System32\Wbem;C:\windows\System32\WindowsPowerShell\v1.0\;C:\Program Files\Lenovo\Bluetooth Software\;C:\Program Files\Lenovo\Bluetooth Software\syswow64;C:\Program Files (x86)\Windows Live\Shared;C:\Program Files\nodejs\;C:\Program Files\Git\cmd;C:\Program Files\Java\jdk-10.0.2/bin; C:\Program Files\apache-maven-3.5.4/bin;C:\Program Files\apache-maven-3.5.4/bin;C:\Program Files\Gradle/bin;C:\Users\Uttam\AppData\Roaming\npm;C:\Users\Uttam\AppData\Local\Programs\Microsoft VS Code\bin;C:\Program Files\Docker Toolbox;C:\Program Files\Docker Toolbox;.]
2019-01-21 20:15:49,130 INFO org.apache.juli.logging.DirectJDKLog [localhost-startStop-1] Initializing Spring embedded WebApplicationContext
2019-01-21 20:15:49,136 INFO org.springframework.boot.web.servlet.context.ServletWebServerApplicationContext [localhost-startStop-1] Root WebApplicationContext: initialization completed in 10555 ms
2019-01-21 20:15:49,730 INFO org.springframework.boot.web.servlet.ServletRegistrationBean [localhost-startStop-1] Servlet WSSpringServlet mapped to [/services/greeting]
2019-01-21 20:15:49,737 INFO org.springframework.boot.web.servlet.ServletRegistrationBean [localhost-startStop-1] Servlet messageDispatcherServlet mapped to [/services/*]
2019-01-21 20:15:49,755 INFO org.springframework.boot.web.servlet.AbstractFilterRegistrationBean [localhost-startStop-1] Mapping filter: 'characterEncodingFilter' to: [/*]
2019-01-21 20:15:49,759 INFO org.springframework.boot.web.servlet.AbstractFilterRegistrationBean [localhost-startStop-1] Mapping filter: 'hiddenHttpMethodFilter' to: [/*]
2019-01-21 20:15:49,761 INFO org.springframework.boot.web.servlet.AbstractFilterRegistrationBean [localhost-startStop-1] Mapping filter: 'httpPutFormContentFilter' to: [/*]
2019-01-21 20:15:49,763 INFO org.springframework.boot.web.servlet.AbstractFilterRegistrationBean [localhost-startStop-1] Mapping filter: 'requestContextFilter' to: [/*]
2019-01-21 20:15:50,004 WARN org.springframework.context.support.AbstractApplicationContext [restartedMain] Exception encountered during context initialization - cancelling refresh attempt: org.springframework.beans.factory.BeanCreationException: Error creating bean with name 'com.sun.xml.ws.transport.http.servlet.SpringBinding#0' defined in class path resource [ws-binding.xml]: Cannot create inner bean '(inner bean)#691c632a' of type [org.jvnet.jax_ws_commons.spring.SpringService] while setting bean property 'service'; nested exception is org.springframework.beans.factory.BeanCreationException: Error creating bean with name '(inner bean)#691c632a': FactoryBean threw exception on object creation; nested exception is java.lang.Error: javax.xml.soap.SOAPException: Unable to create SAAJ meta-factoryProvider com.sun.xml.internal.messaging.saaj.soap.SAAJMetaFactoryImpl not found
2019-01-21 20:15:50,019 INFO org.apache.juli.logging.DirectJDKLog [restartedMain] Stopping service [Tomcat]
2019-01-21 20:15:50,205 INFO org.springframework.boot.autoconfigure.logging.ConditionEvaluationReportLoggingListener [restartedMain] 

Error starting ApplicationContext. To display the conditions report re-run your application with 'debug' enabled.
2019-01-21 20:15:50,228 ERROR org.springframework.boot.SpringApplication [restartedMain] Application run failed
org.springframework.beans.factory.BeanCreationException: Error creating bean with name 'com.sun.xml.ws.transport.http.servlet.SpringBinding#0' defined in class path resource [ws-binding.xml]: Cannot create inner bean '(inner bean)#691c632a' of type [org.jvnet.jax_ws_commons.spring.SpringService] while setting bean property 'service'; nested exception is org.springframework.beans.factory.BeanCreationException: Error creating bean with name '(inner bean)#691c632a': FactoryBean threw exception on object creation; nested exception is java.lang.Error: javax.xml.soap.SOAPException: Unable to create SAAJ meta-factoryProvider com.sun.xml.internal.messaging.saaj.soap.SAAJMetaFactoryImpl not found
	at org.springframework.beans.factory.support.BeanDefinitionValueResolver.resolveInnerBean(BeanDefinitionValueResolver.java:327)
	at org.springframework.beans.factory.support.BeanDefinitionValueResolver.resolveValueIfNecessary(BeanDefinitionValueResolver.java:131)
	at org.springframework.beans.factory.support.AbstractAutowireCapableBeanFactory.applyPropertyValues(AbstractAutowireCapableBeanFactory.java:1609)
	at org.springframework.beans.factory.support.AbstractAutowireCapableBeanFactory.populateBean(AbstractAutowireCapableBeanFactory.java:1361)
	at org.springframework.beans.factory.support.AbstractAutowireCapableBeanFactory.doCreateBean(AbstractAutowireCapableBeanFactory.java:578)
	at org.springframework.beans.factory.support.AbstractAutowireCapableBeanFactory.createBean(AbstractAutowireCapableBeanFactory.java:501)
	at org.springframework.beans.factory.support.AbstractBeanFactory.lambda$doGetBean$0(AbstractBeanFactory.java:317)
	at org.springframework.beans.factory.support.DefaultSingletonBeanRegistry.getSingleton(DefaultSingletonBeanRegistry.java:228)
	at org.springframework.beans.factory.support.AbstractBeanFactory.doGetBean(AbstractBeanFactory.java:315)
	at org.springframework.beans.factory.support.AbstractBeanFactory.getBean(AbstractBeanFactory.java:199)
	at org.springframework.beans.factory.support.DefaultListableBeanFactory.preInstantiateSingletons(DefaultListableBeanFactory.java:760)
	at org.springframework.context.support.AbstractApplicationContext.finishBeanFactoryInitialization(AbstractApplicationContext.java:869)
	at org.springframework.context.support.AbstractApplicationContext.refresh(AbstractApplicationContext.java:550)
	at org.springframework.boot.web.servlet.context.ServletWebServerApplicationContext.refresh(ServletWebServerApplicationContext.java:140)
	at org.springframework.boot.SpringApplication.refresh(SpringApplication.java:759)
	at org.springframework.boot.SpringApplication.refreshContext(SpringApplication.java:395)
	at org.springframework.boot.SpringApplication.run(SpringApplication.java:327)
	at org.springframework.boot.SpringApplication.run(SpringApplication.java:1255)
	at org.springframework.boot.SpringApplication.run(SpringApplication.java:1243)
	at com.example.jaxws.JaxwsApplication.main(JaxwsApplication.java:12)
	at java.base/jdk.internal.reflect.NativeMethodAccessorImpl.invoke0(Native Method)
	at java.base/jdk.internal.reflect.NativeMethodAccessorImpl.invoke(NativeMethodAccessorImpl.java:62)
	at java.base/jdk.internal.reflect.DelegatingMethodAccessorImpl.invoke(DelegatingMethodAccessorImpl.java:43)
	at java.base/java.lang.reflect.Method.invoke(Method.java:564)
	at org.springframework.boot.devtools.restart.RestartLauncher.run(RestartLauncher.java:49)
Caused by: org.springframework.beans.factory.BeanCreationException: Error creating bean with name '(inner bean)#691c632a': FactoryBean threw exception on object creation; nested exception is java.lang.Error: javax.xml.soap.SOAPException: Unable to create SAAJ meta-factoryProvider com.sun.xml.internal.messaging.saaj.soap.SAAJMetaFactoryImpl not found
	at org.springframework.beans.factory.support.FactoryBeanRegistrySupport.doGetObjectFromFactoryBean(FactoryBeanRegistrySupport.java:178)
	at org.springframework.beans.factory.support.FactoryBeanRegistrySupport.getObjectFromFactoryBean(FactoryBeanRegistrySupport.java:135)
	at org.springframework.beans.factory.support.BeanDefinitionValueResolver.resolveInnerBean(BeanDefinitionValueResolver.java:315)
	... 24 common frames omitted
Caused by: java.lang.Error: javax.xml.soap.SOAPException: Unable to create SAAJ meta-factoryProvider com.sun.xml.internal.messaging.saaj.soap.SAAJMetaFactoryImpl not found
	at com.sun.xml.ws.api.SOAPVersion.<init>(SOAPVersion.java:193)
	at com.sun.xml.ws.api.SOAPVersion.<clinit>(SOAPVersion.java:91)
	at com.sun.xml.ws.api.BindingID.<clinit>(BindingID.java:341)
	at org.jvnet.jax_ws_commons.spring.SpringService.getObject(SpringService.java:329)
	at org.jvnet.jax_ws_commons.spring.SpringService.getObject(SpringService.java:80)
	at org.springframework.beans.factory.support.FactoryBeanRegistrySupport.doGetObjectFromFactoryBean(FactoryBeanRegistrySupport.java:171)
	... 26 common frames omitted
Caused by: javax.xml.soap.SOAPException: Unable to create SAAJ meta-factoryProvider com.sun.xml.internal.messaging.saaj.soap.SAAJMetaFactoryImpl not found
	at javax.xml.soap.SAAJMetaFactory.getInstance(SAAJMetaFactory.java:94)
	at javax.xml.soap.MessageFactory.newInstance(MessageFactory.java:157)
	at com.sun.xml.ws.api.SOAPVersion.<init>(SOAPVersion.java:190)
	... 31 common frames omitted
2019-01-21 20:19:35,654 INFO org.springframework.boot.StartupInfoLogger [main] Starting JaxwsApplication v0.0.1-SNAPSHOT on Uttam-PC with PID 4588 (D:\Sample Projects\CTS\jaxws\target\jaxws-0.0.1-SNAPSHOT.jar started by Uttam in D:\Sample Projects\CTS\jaxws)
2019-01-21 20:19:35,673 INFO org.springframework.boot.SpringApplication [main] No active profile set, falling back to default profiles: default
2019-01-21 20:19:36,163 INFO org.springframework.context.support.AbstractApplicationContext [main] Refreshing org.springframework.boot.web.servlet.context.AnnotationConfigServletWebServerApplicationContext@6f45df59: startup date [Mon Jan 21 20:19:36 IST 2019]; root of context hierarchy
2019-01-21 20:19:39,305 INFO org.springframework.beans.factory.xml.XmlBeanDefinitionReader [main] Loading XML bean definitions from class path resource [ws-binding.xml]
2019-01-21 20:19:42,847 INFO org.springframework.context.support.PostProcessorRegistrationDelegate$BeanPostProcessorChecker [main] Bean 'org.springframework.ws.config.annotation.DelegatingWsConfiguration' of type [org.springframework.ws.config.annotation.DelegatingWsConfiguration$$EnhancerBySpringCGLIB$$2d924772] is not eligible for getting processed by all BeanPostProcessors (for example: not eligible for auto-proxying)
2019-01-21 20:19:43,152 INFO org.springframework.ws.soap.addressing.server.AbstractAddressingEndpointMapping [main] Supporting [WS-Addressing August 2004, WS-Addressing 1.0]
2019-01-21 20:19:45,521 INFO org.springframework.boot.web.embedded.tomcat.TomcatWebServer [main] Tomcat initialized with port(s): 8080 (http)
2019-01-21 20:19:45,686 INFO org.apache.juli.logging.DirectJDKLog [main] Initializing ProtocolHandler ["http-nio-8080"]
2019-01-21 20:19:45,871 INFO org.apache.juli.logging.DirectJDKLog [main] Starting service [Tomcat]
2019-01-21 20:19:45,874 INFO org.apache.juli.logging.DirectJDKLog [main] Starting Servlet Engine: Apache Tomcat/8.5.31
2019-01-21 20:19:45,928 INFO org.apache.juli.logging.DirectJDKLog [localhost-startStop-1] The APR based Apache Tomcat Native library which allows optimal performance in production environments was not found on the java.library.path: [C:\Program Files (x86)\Common Files\Oracle\Java\javapath;C:\windows\Sun\Java\bin;C:\windows\system32;C:\windows;C:\Program Files (x86)\Common Files\Oracle\Java\javapath;C:\Program Files\Common Files\Microsoft Shared\Windows Live;C:\Program Files (x86)\Common Files\Microsoft Shared\Windows Live;C:\windows\system32;C:\windows;C:\windows\System32\Wbem;C:\windows\System32\WindowsPowerShell\v1.0\;C:\Program Files\Lenovo\Bluetooth Software\;C:\Program Files\Lenovo\Bluetooth Software\syswow64;C:\Program Files (x86)\Windows Live\Shared;C:\Program Files\nodejs\;C:\Program Files\Git\cmd;C:\Program Files\Java\jdk-10.0.2/bin; C:\Program Files\apache-maven-3.5.4/bin;C:\Program Files\apache-maven-3.5.4/bin;C:\Program Files\Gradle/bin;C:\Users\Uttam\AppData\Roaming\npm;C:\Users\Uttam\AppData\Local\Programs\Microsoft VS Code\bin;C:\Program Files\Docker Toolbox;C:\Program Files\Docker Toolbox;.]
2019-01-21 20:19:46,460 INFO org.apache.juli.logging.DirectJDKLog [localhost-startStop-1] Initializing Spring embedded WebApplicationContext
2019-01-21 20:19:46,462 INFO org.springframework.boot.web.servlet.context.ServletWebServerApplicationContext [localhost-startStop-1] Root WebApplicationContext: initialization completed in 10300 ms
2019-01-21 20:19:47,185 INFO org.springframework.boot.web.servlet.ServletRegistrationBean [localhost-startStop-1] Servlet WSSpringServlet mapped to [/services/greeting]
2019-01-21 20:19:47,193 INFO org.springframework.boot.web.servlet.ServletRegistrationBean [localhost-startStop-1] Servlet messageDispatcherServlet mapped to [/services/*]
2019-01-21 20:19:47,210 INFO org.springframework.boot.web.servlet.AbstractFilterRegistrationBean [localhost-startStop-1] Mapping filter: 'characterEncodingFilter' to: [/*]
2019-01-21 20:19:47,214 INFO org.springframework.boot.web.servlet.AbstractFilterRegistrationBean [localhost-startStop-1] Mapping filter: 'hiddenHttpMethodFilter' to: [/*]
2019-01-21 20:19:47,216 INFO org.springframework.boot.web.servlet.AbstractFilterRegistrationBean [localhost-startStop-1] Mapping filter: 'httpPutFormContentFilter' to: [/*]
2019-01-21 20:19:47,219 INFO org.springframework.boot.web.servlet.AbstractFilterRegistrationBean [localhost-startStop-1] Mapping filter: 'requestContextFilter' to: [/*]
2019-01-21 20:19:47,536 WARN org.springframework.context.support.AbstractApplicationContext [main] Exception encountered during context initialization - cancelling refresh attempt: org.springframework.beans.factory.BeanCreationException: Error creating bean with name 'com.sun.xml.ws.transport.http.servlet.SpringBinding#0' defined in class path resource [ws-binding.xml]: Cannot create inner bean '(inner bean)#1433046b' of type [org.jvnet.jax_ws_commons.spring.SpringService] while setting bean property 'service'; nested exception is org.springframework.beans.factory.BeanCreationException: Error creating bean with name '(inner bean)#1433046b': FactoryBean threw exception on object creation; nested exception is java.lang.Error: javax.xml.soap.SOAPException: Unable to create SAAJ meta-factoryProvider com.sun.xml.internal.messaging.saaj.soap.SAAJMetaFactoryImpl not found
2019-01-21 20:19:47,549 INFO org.apache.juli.logging.DirectJDKLog [main] Stopping service [Tomcat]
2019-01-21 20:19:47,685 INFO org.springframework.boot.autoconfigure.logging.ConditionEvaluationReportLoggingListener [main] 

Error starting ApplicationContext. To display the conditions report re-run your application with 'debug' enabled.
2019-01-21 20:19:47,701 ERROR org.springframework.boot.SpringApplication [main] Application run failed
org.springframework.beans.factory.BeanCreationException: Error creating bean with name 'com.sun.xml.ws.transport.http.servlet.SpringBinding#0' defined in class path resource [ws-binding.xml]: Cannot create inner bean '(inner bean)#1433046b' of type [org.jvnet.jax_ws_commons.spring.SpringService] while setting bean property 'service'; nested exception is org.springframework.beans.factory.BeanCreationException: Error creating bean with name '(inner bean)#1433046b': FactoryBean threw exception on object creation; nested exception is java.lang.Error: javax.xml.soap.SOAPException: Unable to create SAAJ meta-factoryProvider com.sun.xml.internal.messaging.saaj.soap.SAAJMetaFactoryImpl not found
	at org.springframework.beans.factory.support.BeanDefinitionValueResolver.resolveInnerBean(BeanDefinitionValueResolver.java:327)
	at org.springframework.beans.factory.support.BeanDefinitionValueResolver.resolveValueIfNecessary(BeanDefinitionValueResolver.java:131)
	at org.springframework.beans.factory.support.AbstractAutowireCapableBeanFactory.applyPropertyValues(AbstractAutowireCapableBeanFactory.java:1609)
	at org.springframework.beans.factory.support.AbstractAutowireCapableBeanFactory.populateBean(AbstractAutowireCapableBeanFactory.java:1361)
	at org.springframework.beans.factory.support.AbstractAutowireCapableBeanFactory.doCreateBean(AbstractAutowireCapableBeanFactory.java:578)
	at org.springframework.beans.factory.support.AbstractAutowireCapableBeanFactory.createBean(AbstractAutowireCapableBeanFactory.java:501)
	at org.springframework.beans.factory.support.AbstractBeanFactory.lambda$doGetBean$0(AbstractBeanFactory.java:317)
	at org.springframework.beans.factory.support.DefaultSingletonBeanRegistry.getSingleton(DefaultSingletonBeanRegistry.java:228)
	at org.springframework.beans.factory.support.AbstractBeanFactory.doGetBean(AbstractBeanFactory.java:315)
	at org.springframework.beans.factory.support.AbstractBeanFactory.getBean(AbstractBeanFactory.java:199)
	at org.springframework.beans.factory.support.DefaultListableBeanFactory.preInstantiateSingletons(DefaultListableBeanFactory.java:760)
	at org.springframework.context.support.AbstractApplicationContext.finishBeanFactoryInitialization(AbstractApplicationContext.java:869)
	at org.springframework.context.support.AbstractApplicationContext.refresh(AbstractApplicationContext.java:550)
	at org.springframework.boot.web.servlet.context.ServletWebServerApplicationContext.refresh(ServletWebServerApplicationContext.java:140)
	at org.springframework.boot.SpringApplication.refresh(SpringApplication.java:759)
	at org.springframework.boot.SpringApplication.refreshContext(SpringApplication.java:395)
	at org.springframework.boot.SpringApplication.run(SpringApplication.java:327)
	at org.springframework.boot.SpringApplication.run(SpringApplication.java:1255)
	at org.springframework.boot.SpringApplication.run(SpringApplication.java:1243)
	at com.example.jaxws.JaxwsApplication.main(JaxwsApplication.java:12)
	at java.base/jdk.internal.reflect.NativeMethodAccessorImpl.invoke0(Native Method)
	at java.base/jdk.internal.reflect.NativeMethodAccessorImpl.invoke(Unknown Source)
	at java.base/jdk.internal.reflect.DelegatingMethodAccessorImpl.invoke(Unknown Source)
	at java.base/java.lang.reflect.Method.invoke(Unknown Source)
	at org.springframework.boot.loader.MainMethodRunner.run(MainMethodRunner.java:48)
	at org.springframework.boot.loader.Launcher.launch(Launcher.java:87)
	at org.springframework.boot.loader.Launcher.launch(Launcher.java:50)
	at org.springframework.boot.loader.JarLauncher.main(JarLauncher.java:51)
Caused by: org.springframework.beans.factory.BeanCreationException: Error creating bean with name '(inner bean)#1433046b': FactoryBean threw exception on object creation; nested exception is java.lang.Error: javax.xml.soap.SOAPException: Unable to create SAAJ meta-factoryProvider com.sun.xml.internal.messaging.saaj.soap.SAAJMetaFactoryImpl not found
	at org.springframework.beans.factory.support.FactoryBeanRegistrySupport.doGetObjectFromFactoryBean(FactoryBeanRegistrySupport.java:178)
	at org.springframework.beans.factory.support.FactoryBeanRegistrySupport.getObjectFromFactoryBean(FactoryBeanRegistrySupport.java:135)
	at org.springframework.beans.factory.support.BeanDefinitionValueResolver.resolveInnerBean(BeanDefinitionValueResolver.java:315)
	... 27 common frames omitted
Caused by: java.lang.Error: javax.xml.soap.SOAPException: Unable to create SAAJ meta-factoryProvider com.sun.xml.internal.messaging.saaj.soap.SAAJMetaFactoryImpl not found
	at com.sun.xml.ws.api.SOAPVersion.<init>(SOAPVersion.java:193)
	at com.sun.xml.ws.api.SOAPVersion.<clinit>(SOAPVersion.java:91)
	at com.sun.xml.ws.api.BindingID.<clinit>(BindingID.java:341)
	at org.jvnet.jax_ws_commons.spring.SpringService.getObject(SpringService.java:329)
	at org.jvnet.jax_ws_commons.spring.SpringService.getObject(SpringService.java:80)
	at org.springframework.beans.factory.support.FactoryBeanRegistrySupport.doGetObjectFromFactoryBean(FactoryBeanRegistrySupport.java:171)
	... 29 common frames omitted
Caused by: javax.xml.soap.SOAPException: Unable to create SAAJ meta-factoryProvider com.sun.xml.internal.messaging.saaj.soap.SAAJMetaFactoryImpl not found
	at javax.xml.soap.SAAJMetaFactory.getInstance(SAAJMetaFactory.java:94)
	at javax.xml.soap.MessageFactory.newInstance(MessageFactory.java:157)
	at com.sun.xml.ws.api.SOAPVersion.<init>(SOAPVersion.java:190)
	... 34 common frames omitted
2019-01-21 21:36:05,501 INFO org.springframework.boot.StartupInfoLogger [main] Starting JaxwsApplication v0.0.1-SNAPSHOT on Uttam-PC with PID 4756 (D:\Sample Projects\CTS\jaxws\target\jaxws-0.0.1-SNAPSHOT.jar started by Uttam in D:\Sample Projects\CTS\jaxws)
2019-01-21 21:36:05,567 INFO org.springframework.boot.SpringApplication [main] No active profile set, falling back to default profiles: default
2019-01-21 21:36:06,367 INFO org.springframework.context.support.AbstractApplicationContext [main] Refreshing org.springframework.boot.web.servlet.context.AnnotationConfigServletWebServerApplicationContext@567d299b: startup date [Mon Jan 21 21:36:06 IST 2019]; root of context hierarchy
2019-01-21 21:36:10,579 INFO org.springframework.beans.factory.xml.XmlBeanDefinitionReader [main] Loading XML bean definitions from class path resource [ws-binding.xml]
2019-01-21 21:36:14,059 INFO org.springframework.context.support.PostProcessorRegistrationDelegate$BeanPostProcessorChecker [main] Bean 'org.springframework.ws.config.annotation.DelegatingWsConfiguration' of type [org.springframework.ws.config.annotation.DelegatingWsConfiguration$$EnhancerBySpringCGLIB$$df0a3b07] is not eligible for getting processed by all BeanPostProcessors (for example: not eligible for auto-proxying)
2019-01-21 21:36:14,243 INFO org.springframework.ws.soap.addressing.server.AbstractAddressingEndpointMapping [main] Supporting [WS-Addressing August 2004, WS-Addressing 1.0]
2019-01-21 21:36:16,586 INFO org.springframework.boot.web.embedded.tomcat.TomcatWebServer [main] Tomcat initialized with port(s): 8080 (http)
2019-01-21 21:36:16,695 INFO org.apache.juli.logging.DirectJDKLog [main] Initializing ProtocolHandler ["http-nio-8080"]
2019-01-21 21:36:16,761 INFO org.apache.juli.logging.DirectJDKLog [main] Starting service [Tomcat]
2019-01-21 21:36:16,772 INFO org.apache.juli.logging.DirectJDKLog [main] Starting Servlet Engine: Apache Tomcat/8.5.31
2019-01-21 21:36:16,864 INFO org.apache.juli.logging.DirectJDKLog [localhost-startStop-1] The APR based Apache Tomcat Native library which allows optimal performance in production environments was not found on the java.library.path: [C:\Program Files (x86)\Common Files\Oracle\Java\javapath;C:\windows\Sun\Java\bin;C:\windows\system32;C:\windows;C:\Program Files (x86)\Common Files\Oracle\Java\javapath;C:\Program Files\Common Files\Microsoft Shared\Windows Live;C:\Program Files (x86)\Common Files\Microsoft Shared\Windows Live;C:\windows\system32;C:\windows;C:\windows\System32\Wbem;C:\windows\System32\WindowsPowerShell\v1.0\;C:\Program Files\Lenovo\Bluetooth Software\;C:\Program Files\Lenovo\Bluetooth Software\syswow64;C:\Program Files (x86)\Windows Live\Shared;C:\Program Files\nodejs\;C:\Program Files\Git\cmd;C:\Program Files\Java\Java1_8/bin; C:\Program Files\apache-maven-3.5.4/bin;C:\Program Files\apache-maven-3.5.4/bin;C:\Program Files\Gradle/bin;C:\Users\Uttam\AppData\Roaming\npm;C:\Users\Uttam\AppData\Local\Programs\Microsoft VS Code\bin;C:\Program Files\Docker Toolbox;C:\Program Files\Docker Toolbox;.]
2019-01-21 21:36:17,489 INFO org.apache.juli.logging.DirectJDKLog [localhost-startStop-1] Initializing Spring embedded WebApplicationContext
2019-01-21 21:36:17,491 INFO org.springframework.boot.web.servlet.context.ServletWebServerApplicationContext [localhost-startStop-1] Root WebApplicationContext: initialization completed in 11125 ms
2019-01-21 21:36:18,227 INFO org.springframework.boot.web.servlet.ServletRegistrationBean [localhost-startStop-1] Servlet WSSpringServlet mapped to [/services/greeting]
2019-01-21 21:36:18,249 INFO org.springframework.boot.web.servlet.ServletRegistrationBean [localhost-startStop-1] Servlet messageDispatcherServlet mapped to [/services/*]
2019-01-21 21:36:18,289 INFO org.springframework.boot.web.servlet.AbstractFilterRegistrationBean [localhost-startStop-1] Mapping filter: 'characterEncodingFilter' to: [/*]
2019-01-21 21:36:18,291 INFO org.springframework.boot.web.servlet.AbstractFilterRegistrationBean [localhost-startStop-1] Mapping filter: 'hiddenHttpMethodFilter' to: [/*]
2019-01-21 21:36:18,293 INFO org.springframework.boot.web.servlet.AbstractFilterRegistrationBean [localhost-startStop-1] Mapping filter: 'httpPutFormContentFilter' to: [/*]
2019-01-21 21:36:18,294 INFO org.springframework.boot.web.servlet.AbstractFilterRegistrationBean [localhost-startStop-1] Mapping filter: 'requestContextFilter' to: [/*]
2019-01-21 21:36:22,878 INFO org.springframework.web.servlet.handler.AbstractUrlHandlerMapping [main] Mapped URL path [/**/favicon.ico] onto handler of type [class org.springframework.web.servlet.resource.ResourceHttpRequestHandler]
2019-01-21 21:36:24,158 INFO org.springframework.web.servlet.mvc.method.annotation.RequestMappingHandlerAdapter [main] Looking for @ControllerAdvice: org.springframework.boot.web.servlet.context.AnnotationConfigServletWebServerApplicationContext@567d299b: startup date [Mon Jan 21 21:36:06 IST 2019]; root of context hierarchy
2019-01-21 21:36:24,656 INFO org.springframework.web.servlet.handler.AbstractHandlerMethodMapping$MappingRegistry [main] Mapped "{[/error]}" onto public org.springframework.http.ResponseEntity<java.util.Map<java.lang.String, java.lang.Object>> org.springframework.boot.autoconfigure.web.servlet.error.BasicErrorController.error(javax.servlet.http.HttpServletRequest)
2019-01-21 21:36:24,663 INFO org.springframework.web.servlet.handler.AbstractHandlerMethodMapping$MappingRegistry [main] Mapped "{[/error],produces=[text/html]}" onto public org.springframework.web.servlet.ModelAndView org.springframework.boot.autoconfigure.web.servlet.error.BasicErrorController.errorHtml(javax.servlet.http.HttpServletRequest,javax.servlet.http.HttpServletResponse)
2019-01-21 21:36:24,784 INFO org.springframework.web.servlet.handler.AbstractUrlHandlerMapping [main] Mapped URL path [/webjars/**] onto handler of type [class org.springframework.web.servlet.resource.ResourceHttpRequestHandler]
2019-01-21 21:36:24,786 INFO org.springframework.web.servlet.handler.AbstractUrlHandlerMapping [main] Mapped URL path [/**] onto handler of type [class org.springframework.web.servlet.resource.ResourceHttpRequestHandler]
2019-01-21 21:36:25,842 INFO org.springframework.jmx.export.MBeanExporter [main] Registering beans for JMX exposure on startup
2019-01-21 21:36:25,914 INFO org.apache.juli.logging.DirectJDKLog [main] Starting ProtocolHandler ["http-nio-8080"]
2019-01-21 21:36:25,971 INFO org.apache.juli.logging.DirectJDKLog [main] Using a shared selector for servlet write/read
2019-01-21 21:36:26,068 INFO org.springframework.boot.web.embedded.tomcat.TomcatWebServer [main] Tomcat started on port(s): 8080 (http) with context path ''
2019-01-21 21:36:26,089 INFO org.springframework.boot.StartupInfoLogger [main] Started JaxwsApplication in 23.858 seconds (JVM running for 27.636)
